0 info it worked if it ends with ok
1 verbose cli [ 'node', '/usr/local/bin/npm', 'install', 'semantic-ui-sass' ]
2 info using npm@1.4.9
3 info using node@v0.10.28
4 warn package.json @ No repository field.
5 verbose readDependencies using package.json deps
6 verbose cache add [ 'semantic-ui-sass', null ]
7 verbose cache add name=undefined spec="semantic-ui-sass" args=["semantic-ui-sass",null]
8 verbose parsed url { protocol: null,
8 verbose parsed url   slashes: null,
8 verbose parsed url   auth: null,
8 verbose parsed url   host: null,
8 verbose parsed url   port: null,
8 verbose parsed url   hostname: null,
8 verbose parsed url   hash: null,
8 verbose parsed url   search: null,
8 verbose parsed url   query: null,
8 verbose parsed url   pathname: 'semantic-ui-sass',
8 verbose parsed url   path: 'semantic-ui-sass',
8 verbose parsed url   href: 'semantic-ui-sass' }
9 silly lockFile f34bf84d-semantic-ui-sass semantic-ui-sass
10 verbose lock semantic-ui-sass /Users/dannydecker/.npm/f34bf84d-semantic-ui-sass.lock
11 silly lockFile f34bf84d-semantic-ui-sass semantic-ui-sass
12 silly lockFile f34bf84d-semantic-ui-sass semantic-ui-sass
13 verbose addNamed [ 'semantic-ui-sass', '' ]
14 verbose addNamed [ null, '*' ]
15 silly lockFile cd206b39-semantic-ui-sass semantic-ui-sass@
16 verbose lock semantic-ui-sass@ /Users/dannydecker/.npm/cd206b39-semantic-ui-sass.lock
17 silly addNameRange { name: 'semantic-ui-sass', range: '*', hasData: false }
18 verbose url raw semantic-ui-sass
19 verbose url resolving [ 'https://registry.npmjs.org/', './semantic-ui-sass' ]
20 verbose url resolved https://registry.npmjs.org/semantic-ui-sass
21 info trying registry request attempt 1 at 16:13:06
22 http GET https://registry.npmjs.org/semantic-ui-sass
23 http 404 https://registry.npmjs.org/semantic-ui-sass
24 verbose headers { date: 'Tue, 26 Aug 2014 23:13:06 GMT',
24 verbose headers   server: 'CouchDB/1.5.0 (Erlang OTP/R16B03)',
24 verbose headers   'content-type': 'application/json',
24 verbose headers   'cache-control': 'max-age=0',
24 verbose headers   'content-length': '52',
24 verbose headers   'accept-ranges': 'bytes',
24 verbose headers   via: '1.1 varnish',
24 verbose headers   age: '0',
24 verbose headers   'x-served-by': 'cache-lax1426-LAX',
24 verbose headers   'x-cache': 'MISS',
24 verbose headers   'x-cache-hits': '0',
24 verbose headers   'x-timer': 'S1409094786.857883,VS0,VE76',
24 verbose headers   'keep-alive': 'timeout=10, max=50',
24 verbose headers   connection: 'Keep-Alive' }
25 silly registry.get cb [ 404,
25 silly registry.get   { date: 'Tue, 26 Aug 2014 23:13:06 GMT',
25 silly registry.get     server: 'CouchDB/1.5.0 (Erlang OTP/R16B03)',
25 silly registry.get     'content-type': 'application/json',
25 silly registry.get     'cache-control': 'max-age=0',
25 silly registry.get     'content-length': '52',
25 silly registry.get     'accept-ranges': 'bytes',
25 silly registry.get     via: '1.1 varnish',
25 silly registry.get     age: '0',
25 silly registry.get     'x-served-by': 'cache-lax1426-LAX',
25 silly registry.get     'x-cache': 'MISS',
25 silly registry.get     'x-cache-hits': '0',
25 silly registry.get     'x-timer': 'S1409094786.857883,VS0,VE76',
25 silly registry.get     'keep-alive': 'timeout=10, max=50',
25 silly registry.get     connection: 'Keep-Alive' } ]
26 silly lockFile cd206b39-semantic-ui-sass semantic-ui-sass@
27 silly lockFile cd206b39-semantic-ui-sass semantic-ui-sass@
28 error 404 404 Not Found: semantic-ui-sass
28 error 404
28 error 404 'semantic-ui-sass' is not in the npm registry.
28 error 404 You should bug the author to publish it
28 error 404
28 error 404 Note that you can also install from a
28 error 404 tarball, folder, or http url, or git url.
29 error System Darwin 12.5.0
30 error command "node" "/usr/local/bin/npm" "install" "semantic-ui-sass"
31 error cwd /Applications/MAMP/htdocs/bikeshop
32 error node -v v0.10.28
33 error npm -v 1.4.9
34 error code E404
35 verbose exit [ 1, true ]
